<?xml version="1.0" encoding="UTF-8"?>
<!-- Generated by org.testng.reporters.JUnitReportReporter -->
<testsuite hostname="nakshatra" failures="0" tests="1" name="package_amazon.Project_Amazon_new.TC2_Search" time="12.235" errors="0" timestamp="2024-12-11T06:31:47 IST" skipped="0">
  <testcase classname="package_amazon.Project_Amazon_new.TC2_Search" name="login_amazon" time="12.235"/>
  <system-out/>
</testsuite> <!-- package_amazon.Project_Amazon_new.TC2_Search -->
