<?xml version="1.0" encoding="UTF-8"?>
<!-- Generated by org.testng.reporters.JUnitReportReporter -->
<testsuite hostname="nakshatra" failures="0" tests="1" name="package_amazon.Project_Amazon_new.TC3_Addtocart" time="23.204" errors="0" timestamp="2024-12-18T07:40:58 IST" skipped="0">
  <testcase classname="package_amazon.Project_Amazon_new.TC3_Addtocart" name="login_amazon" time="23.204"/>
  <system-out/>
</testsuite> <!-- package_amazon.Project_Amazon_new.TC3_Addtocart -->
