<?xml version="1.0" encoding="UTF-8"?>
<!-- Generated by org.testng.reporters.JUnitReportReporter -->
<testsuite hostname="nakshatra" failures="0" tests="1" name="package_amazon.Project_Amazon_new.TC4_Removefromcart" time="20.462" errors="0" timestamp="2024-12-11T07:43:54 IST" skipped="0">
  <testcase classname="package_amazon.Project_Amazon_new.TC4_Removefromcart" name="login_amazon" time="20.462"/>
  <system-out/>
</testsuite> <!-- package_amazon.Project_Amazon_new.TC4_Removefromcart -->
