<?xml version="1.0" encoding="UTF-8"?>
<!-- Generated by org.testng.reporters.JUnitReportReporter -->
<testsuite hostname="nakshatra" failures="0" tests="1" name="package_amazon.Project_Amazon_new.TC1_Login" time="5.263" errors="0" timestamp="2024-12-10T18:35:37 IST" skipped="0">
  <testcase classname="package_amazon.Project_Amazon_new.TC1_Login" name="login_amazon" time="5.263"/>
  <system-out/>
</testsuite> <!-- package_amazon.Project_Amazon_new.TC1_Login -->
