<?xml version="1.0" encoding="UTF-8"?>
<!-- Generated by org.testng.reporters.JUnitReportReporter -->
<testsuite hostname="nakshatra" failures="0" tests="1" name="package_amazon.Project_Amazon_new.TC1_Addtocart" time="19.519" errors="0" timestamp="2024-12-25T15:50:05 IST" skipped="0">
  <testcase classname="package_amazon.Project_Amazon_new.TC1_Addtocart" name="login_amazon" time="19.519"/>
</testsuite> <!-- package_amazon.Project_Amazon_new.TC1_Addtocart -->
